This file contains any messages produced by compilers while
running configure, to aid debugging if configure makes a mistake.

It was created by myProg configure 2.0, which was
generated by GNU Autoconf 2.63.  Invocation command line was

  $ ./configure -prefix=/home/xinzhewu/workstations/cmake_demo

## --------- ##
## Platform. ##
## --------- ##

hostname = romeo1
uname -m = x86_64
uname -r = 2.6.32-504.23.4.bl6.Bull.75.x86_64
uname -s = Linux
uname -v = #1 SMP Thu Jun 18 23:11:50 CEST 2015

/usr/bin/uname -p = unknown
/bin/uname -X     = unknown

/bin/arch              = x86_64
/usr/bin/arch -k       = unknown
/usr/convex/getsysinfo = unknown
/usr/bin/hostinfo      = unknown
/bin/machine           = unknown
/usr/bin/oslevel       = unknown
/bin/universe          = unknown

PATH: /usr/local/bin
PATH: /bin
PATH: /usr/bin
PATH: /home/xinzhewu/softwares/yml/bin
PATH: /home/xinzhewu/softwares/omnirpc/bin
PATH: /home/xinzhewu/softwares/xmpcc/bin
PATH: /home/xinzhewu/softwares/expat/bin
PATH: /home/xinzhewu/softwares/omnirpc/include
PATH: /home/xinzhewu/softwares/xmpcc/include
PATH: /home/xinzhewu/softwares/expat/include


## ----------- ##
## Core tests. ##
## ----------- ##

configure:1892: checking for g++
configure:1908: found /usr/bin/g++
configure:1919: result: g++
configure:1946: checking for C++ compiler version
configure:1954: g++ --version >&5
g++ (GCC) 4.4.7 20120313 (Red Hat 4.4.7-11)
Copyright (C) 2010 Free Software Foundation, Inc.
This is free software; see the source for copying conditions.  There is NO
warranty; not even for MERCHANTABILITY or FITNESS FOR A PARTICULAR PURPOSE.

configure:1958: $? = 0
configure:1965: g++ -v >&5
Using built-in specs.
Target: x86_64-redhat-linux
Configured with: ../configure --prefix=/usr --mandir=/usr/share/man --infodir=/usr/share/info --with-bugurl=http://bugzilla.redhat.com/bugzilla --enable-bootstrap --enable-shared --enable-threads=posix --enable-checking=release --with-system-zlib --enable-__cxa_atexit --disable-libunwind-exceptions --enable-gnu-unique-object --enable-languages=c,c++,objc,obj-c++,java,fortran,ada --enable-java-awt=gtk --disable-dssi --with-java-home=/usr/lib/jvm/java-1.5.0-gcj-1.5.0.0/jre --enable-libgcj-multifile --enable-java-maintainer-mode --with-ecj-jar=/usr/share/java/eclipse-ecj.jar --disable-libjava-multilib --with-ppl --with-cloog --with-tune=generic --with-arch_32=i686 --build=x86_64-redhat-linux
Thread model: posix
gcc version 4.4.7 20120313 (Red Hat 4.4.7-11) (GCC) 
configure:1969: $? = 0
configure:1976: g++ -V >&5
g++: '-V' option must have argument
configure:1980: $? = 1
configure:2003: checking for C++ compiler default output file name
configure:2025: g++    conftest.cpp  >&5
configure:2029: $? = 0
configure:2067: result: a.out
configure:2086: checking whether the C++ compiler works
configure:2096: ./a.out
configure:2100: $? = 0
configure:2119: result: yes
configure:2126: checking whether we are cross compiling
configure:2128: result: no
configure:2131: checking for suffix of executables
configure:2138: g++ -o conftest    conftest.cpp  >&5
configure:2142: $? = 0
configure:2168: result: 
configure:2174: checking for suffix of object files
configure:2200: g++ -c   conftest.cpp >&5
configure:2204: $? = 0
configure:2229: result: o
configure:2233: checking whether we are using the GNU C++ compiler
configure:2262: g++ -c   conftest.cpp >&5
configure:2269: $? = 0
configure:2286: result: yes
configure:2295: checking whether g++ accepts -g
configure:2325: g++ -c -g  conftest.cpp >&5
configure:2332: $? = 0
configure:2433: result: yes
configure:2505: checking for a BSD-compatible install
configure:2573: result: /usr/bin/install -c
configure:2584: checking whether build environment is sane
configure:2644: result: yes
configure:2785: checking for a thread-safe mkdir -p
configure:2824: result: /bin/mkdir -p
configure:2837: checking for gawk
configure:2853: found /bin/gawk
configure:2864: result: gawk
configure:2875: checking whether make sets $(MAKE)
configure:2897: result: yes
configure:2927: checking for style of include used by make
configure:2955: result: GNU
configure:3042: checking dependency style of g++
configure:3152: result: gcc3
configure:3184: checking how to run the C++ preprocessor
configure:3220: g++ -E  conftest.cpp
configure:3227: $? = 0
configure:3258: g++ -E  conftest.cpp
conftest.cpp:10:28: error: ac_nonexistent.h: No such file or directory
configure:3265: $? = 1
configure: failed program was:
| /* confdefs.h.  */
| #define PACKAGE_NAME "myProg"
| #define PACKAGE_TARNAME "myprog"
| #define PACKAGE_VERSION "2.0"
| #define PACKAGE_STRING "myProg 2.0"
| #define PACKAGE_BUGREPORT "me@myProg.org"
| #define PACKAGE "myprog"
| #define VERSION "2.0"
| /* end confdefs.h.  */
| #include <ac_nonexistent.h>
configure:3298: result: g++ -E
configure:3327: g++ -E  conftest.cpp
configure:3334: $? = 0
configure:3365: g++ -E  conftest.cpp
conftest.cpp:10:28: error: ac_nonexistent.h: No such file or directory
configure:3372: $? = 1
configure: failed program was:
| /* confdefs.h.  */
| #define PACKAGE_NAME "myProg"
| #define PACKAGE_TARNAME "myprog"
| #define PACKAGE_VERSION "2.0"
| #define PACKAGE_STRING "myProg 2.0"
| #define PACKAGE_BUGREPORT "me@myProg.org"
| #define PACKAGE "myprog"
| #define VERSION "2.0"
| /* end confdefs.h.  */
| #include <ac_nonexistent.h>
configure:3412: checking for grep that handles long lines and -e
configure:3472: result: /bin/grep
configure:3477: checking for egrep
configure:3541: result: /bin/grep -E
configure:3546: checking for ANSI C header files
configure:3576: g++ -c -g -O2  conftest.cpp >&5
configure:3583: $? = 0
configure:3682: g++ -o conftest -g -O2   conftest.cpp  >&5
configure:3686: $? = 0
configure:3692: ./conftest
configure:3696: $? = 0
configure:3714: result: yes
configure:3738: checking for sys/types.h
configure:3759: g++ -c -g -O2  conftest.cpp >&5
configure:3766: $? = 0
configure:3783: result: yes
configure:3738: checking for sys/stat.h
configure:3759: g++ -c -g -O2  conftest.cpp >&5
configure:3766: $? = 0
configure:3783: result: yes
configure:3738: checking for stdlib.h
configure:3759: g++ -c -g -O2  conftest.cpp >&5
configure:3766: $? = 0
configure:3783: result: yes
configure:3738: checking for string.h
configure:3759: g++ -c -g -O2  conftest.cpp >&5
configure:3766: $? = 0
configure:3783: result: yes
configure:3738: checking for memory.h
configure:3759: g++ -c -g -O2  conftest.cpp >&5
configure:3766: $? = 0
configure:3783: result: yes
configure:3738: checking for strings.h
configure:3759: g++ -c -g -O2  conftest.cpp >&5
configure:3766: $? = 0
configure:3783: result: yes
configure:3738: checking for inttypes.h
configure:3759: g++ -c -g -O2  conftest.cpp >&5
configure:3766: $? = 0
configure:3783: result: yes
configure:3738: checking for stdint.h
configure:3759: g++ -c -g -O2  conftest.cpp >&5
configure:3766: $? = 0
configure:3783: result: yes
configure:3738: checking for unistd.h
configure:3759: g++ -c -g -O2  conftest.cpp >&5
configure:3766: $? = 0
configure:3783: result: yes
configure:3813: checking string usability
configure:3830: g++ -c -g -O2  conftest.cpp >&5
configure:3837: $? = 0
configure:3851: result: yes
configure:3855: checking string presence
configure:3870: g++ -E  conftest.cpp
configure:3877: $? = 0
configure:3891: result: yes
configure:3924: checking for string
configure:3933: result: yes
configure:3964: checking iostream usability
configure:3981: g++ -c -g -O2  conftest.cpp >&5
configure:3988: $? = 0
configure:4002: result: yes
configure:4006: checking iostream presence
configure:4021: g++ -E  conftest.cpp
configure:4028: $? = 0
configure:4042: result: yes
configure:4075: checking for iostream
configure:4084: result: yes
configure:4101: checking for size_t
configure:4129: g++ -c -g -O2  conftest.cpp >&5
configure:4136: $? = 0
configure:4163: g++ -c -g -O2  conftest.cpp >&5
conftest.cpp: In function 'int main()':
conftest.cpp:58: error: expected primary-expression before ')' token
configure:4170: $? = 1
configure: failed program was:
| /* confdefs.h.  */
| #define PACKAGE_NAME "myProg"
| #define PACKAGE_TARNAME "myprog"
| #define PACKAGE_VERSION "2.0"
| #define PACKAGE_STRING "myProg 2.0"
| #define PACKAGE_BUGREPORT "me@myProg.org"
| #define PACKAGE "myprog"
| #define VERSION "2.0"
| #define STDC_HEADERS 1
| #define HAVE_SYS_TYPES_H 1
| #define HAVE_SYS_STAT_H 1
| #define HAVE_STDLIB_H 1
| #define HAVE_STRING_H 1
| #define HAVE_MEMORY_H 1
| #define HAVE_STRINGS_H 1
| #define HAVE_INTTYPES_H 1
| #define HAVE_STDINT_H 1
| #define HAVE_UNISTD_H 1
| #define HAVE_STRING 1
| #define HAVE_IOSTREAM 1
| /* end confdefs.h.  */
| #include <stdio.h>
| #ifdef HAVE_SYS_TYPES_H
| # include <sys/types.h>
| #endif
| #ifdef HAVE_SYS_STAT_H
| # include <sys/stat.h>
| #endif
| #ifdef STDC_HEADERS
| # include <stdlib.h>
| # include <stddef.h>
| #else
| # ifdef HAVE_STDLIB_H
| #  include <stdlib.h>
| # endif
| #endif
| #ifdef HAVE_STRING_H
| # if !defined STDC_HEADERS && defined HAVE_MEMORY_H
| #  include <memory.h>
| # endif
| # include <string.h>
| #endif
| #ifdef HAVE_STRINGS_H
| # include <strings.h>
| #endif
| #ifdef HAVE_INTTYPES_H
| # include <inttypes.h>
| #endif
| #ifdef HAVE_STDINT_H
| # include <stdint.h>
| #endif
| #ifdef HAVE_UNISTD_H
| # include <unistd.h>
| #endif
| int
| main ()
| {
| if (sizeof ((size_t)))
| 	  return 0;
|   ;
|   return 0;
| }
configure:4193: result: yes
configure:4379: creating ./config.status

## ---------------------- ##
## Running config.status. ##
## ---------------------- ##

This file was extended by myProg config.status 2.0, which was
generated by GNU Autoconf 2.63.  Invocation command line was

  CONFIG_FILES    = 
  CONFIG_HEADERS  = 
  CONFIG_LINKS    = 
  CONFIG_COMMANDS = 
  $ ./config.status 

on romeo1

config.status:696: creating Makefile
config.status:696: creating src/Makefile
config.status:907: executing depfiles commands

## ---------------- ##
## Cache variables. ##
## ---------------- ##

ac_cv_cxx_compiler_gnu=yes
ac_cv_env_CCC_set=
ac_cv_env_CCC_value=
ac_cv_env_CPPFLAGS_set=
ac_cv_env_CPPFLAGS_value=
ac_cv_env_CXXCPP_set=
ac_cv_env_CXXCPP_value=
ac_cv_env_CXXFLAGS_set=
ac_cv_env_CXXFLAGS_value=
ac_cv_env_CXX_set=
ac_cv_env_CXX_value=
ac_cv_env_LDFLAGS_set=
ac_cv_env_LDFLAGS_value=
ac_cv_env_LIBS_set=
ac_cv_env_LIBS_value=
ac_cv_env_build_alias_set=
ac_cv_env_build_alias_value=
ac_cv_env_host_alias_set=
ac_cv_env_host_alias_value=
ac_cv_env_target_alias_set=
ac_cv_env_target_alias_value=
ac_cv_header_inttypes_h=yes
ac_cv_header_iostream=yes
ac_cv_header_memory_h=yes
ac_cv_header_stdc=yes
ac_cv_header_stdint_h=yes
ac_cv_header_stdlib_h=yes
ac_cv_header_string=yes
ac_cv_header_string_h=yes
ac_cv_header_strings_h=yes
ac_cv_header_sys_stat_h=yes
ac_cv_header_sys_types_h=yes
ac_cv_header_unistd_h=yes
ac_cv_objext=o
ac_cv_path_EGREP='/bin/grep -E'
ac_cv_path_GREP=/bin/grep
ac_cv_path_install='/usr/bin/install -c'
ac_cv_path_mkdir=/bin/mkdir
ac_cv_prog_AWK=gawk
ac_cv_prog_CXXCPP='g++ -E'
ac_cv_prog_ac_ct_CXX=g++
ac_cv_prog_cxx_g=yes
ac_cv_prog_make_make_set=yes
ac_cv_type_size_t=yes
am_cv_CXX_dependencies_compiler_type=gcc3

## ----------------- ##
## Output variables. ##
## ----------------- ##

ACLOCAL='${SHELL} /home/xinzhewu/workstations/cmake_demo/demo8/missing --run aclocal-1.11'
AMDEPBACKSLASH='\'
AMDEP_FALSE='#'
AMDEP_TRUE=''
AMTAR='${SHELL} /home/xinzhewu/workstations/cmake_demo/demo8/missing --run tar'
AM_CXXFLAGS=''
AM_LDFLAGS=''
AUTOCONF='${SHELL} /home/xinzhewu/workstations/cmake_demo/demo8/missing --run autoconf'
AUTOHEADER='${SHELL} /home/xinzhewu/workstations/cmake_demo/demo8/missing --run autoheader'
AUTOMAKE='${SHELL} /home/xinzhewu/workstations/cmake_demo/demo8/missing --run automake-1.11'
AWK='gawk'
CPPFLAGS=''
CXX='g++'
CXXCPP='g++ -E'
CXXDEPMODE='depmode=gcc3'
CXXFLAGS='-g -O2'
CYGPATH_W='echo'
DEFS='-DPACKAGE_NAME=\"myProg\" -DPACKAGE_TARNAME=\"myprog\" -DPACKAGE_VERSION=\"2.0\" -DPACKAGE_STRING=\"myProg\ 2.0\" -DPACKAGE_BUGREPORT=\"me@myProg.org\" -DPACKAGE=\"myprog\" -DVERSION=\"2.0\" -DSTDC_HEADERS=1 -DHAVE_SYS_TYPES_H=1 -DHAVE_SYS_STAT_H=1 -DHAVE_STDLIB_H=1 -DHAVE_STRING_H=1 -DHAVE_MEMORY_H=1 -DHAVE_STRINGS_H=1 -DHAVE_INTTYPES_H=1 -DHAVE_STDINT_H=1 -DHAVE_UNISTD_H=1 -DHAVE_STRING=1 -DHAVE_IOSTREAM=1'
DEPDIR='.deps'
ECHO_C=''
ECHO_N='-n'
ECHO_T=''
EGREP='/bin/grep -E'
EXEEXT=''
GREP='/bin/grep'
INSTALL_DATA='${INSTALL} -m 644'
INSTALL_PROGRAM='${INSTALL}'
INSTALL_SCRIPT='${INSTALL}'
INSTALL_STRIP_PROGRAM='$(install_sh) -c -s'
LDFLAGS=''
LIBOBJS=''
LIBS=''
LTLIBOBJS=''
MAKEINFO='${SHELL} /home/xinzhewu/workstations/cmake_demo/demo8/missing --run makeinfo'
MKDIR_P='/bin/mkdir -p'
OBJEXT='o'
PACKAGE='myprog'
PACKAGE_BUGREPORT='me@myProg.org'
PACKAGE_NAME='myProg'
PACKAGE_STRING='myProg 2.0'
PACKAGE_TARNAME='myprog'
PACKAGE_VERSION='2.0'
PATH_SEPARATOR=':'
SET_MAKE=''
SHELL='/bin/sh'
STRIP=''
VERSION='2.0'
ac_ct_CXX='g++'
am__EXEEXT_FALSE=''
am__EXEEXT_TRUE='#'
am__fastdepCXX_FALSE='#'
am__fastdepCXX_TRUE=''
am__include='include'
am__isrc=''
am__leading_dot='.'
am__quote=''
am__tar='${AMTAR} chof - "$$tardir"'
am__untar='${AMTAR} xf -'
bindir='${exec_prefix}/bin'
build_alias=''
datadir='${datarootdir}'
datarootdir='${prefix}/share'
docdir='${datarootdir}/doc/${PACKAGE_TARNAME}'
dvidir='${docdir}'
exec_prefix='${prefix}'
host_alias=''
htmldir='${docdir}'
includedir='${prefix}/include'
infodir='${datarootdir}/info'
install_sh='${SHELL} /home/xinzhewu/workstations/cmake_demo/demo8/install-sh'
libdir='${exec_prefix}/lib'
libexecdir='${exec_prefix}/libexec'
localedir='${datarootdir}/locale'
localstatedir='${prefix}/var'
mandir='${datarootdir}/man'
mkdir_p='/bin/mkdir -p'
oldincludedir='/usr/include'
pdfdir='${docdir}'
prefix='/home/xinzhewu/workstations/cmake_demo'
program_transform_name='s,x,x,'
psdir='${docdir}'
sbindir='${exec_prefix}/sbin'
sharedstatedir='${prefix}/com'
sysconfdir='${prefix}/etc'
target_alias=''

## ----------- ##
## confdefs.h. ##
## ----------- ##

#define PACKAGE_NAME "myProg"
#define PACKAGE_TARNAME "myprog"
#define PACKAGE_VERSION "2.0"
#define PACKAGE_STRING "myProg 2.0"
#define PACKAGE_BUGREPORT "me@myProg.org"
#define PACKAGE "myprog"
#define VERSION "2.0"
#define STDC_HEADERS 1
#define HAVE_SYS_TYPES_H 1
#define HAVE_SYS_STAT_H 1
#define HAVE_STDLIB_H 1
#define HAVE_STRING_H 1
#define HAVE_MEMORY_H 1
#define HAVE_STRINGS_H 1
#define HAVE_INTTYPES_H 1
#define HAVE_STDINT_H 1
#define HAVE_UNISTD_H 1
#define HAVE_STRING 1
#define HAVE_IOSTREAM 1

configure: exit 0
