This file contains any messages produced by compilers while
running configure, to aid debugging if configure makes a mistake.

It was created by mylib configure 2.0, which was
generated by GNU Autoconf 2.63.  Invocation command line was

  $ ./configure 

## --------- ##
## Platform. ##
## --------- ##

hostname = romeo1
uname -m = x86_64
uname -r = 2.6.32-504.23.4.bl6.Bull.75.x86_64
uname -s = Linux
uname -v = #1 SMP Thu Jun 18 23:11:50 CEST 2015

/usr/bin/uname -p = unknown
/bin/uname -X     = unknown

/bin/arch              = x86_64
/usr/bin/arch -k       = unknown
/usr/convex/getsysinfo = unknown
/usr/bin/hostinfo      = unknown
/bin/machine           = unknown
/usr/bin/oslevel       = unknown
/bin/universe          = unknown

PATH: /usr/local/bin
PATH: /bin
PATH: /usr/bin
PATH: /home/xinzhewu/softwares/yml/bin
PATH: /home/xinzhewu/softwares/omnirpc/bin
PATH: /home/xinzhewu/softwares/xmpcc/bin
PATH: /home/xinzhewu/softwares/expat/bin
PATH: /home/xinzhewu/softwares/omnirpc/include
PATH: /home/xinzhewu/softwares/xmpcc/include
PATH: /home/xinzhewu/softwares/expat/include


## ----------- ##
## Core tests. ##
## ----------- ##

configure:1893: checking for g++
configure:1909: found /usr/bin/g++
configure:1920: result: g++
configure:1947: checking for C++ compiler version
configure:1955: g++ --version >&5
g++ (GCC) 4.4.7 20120313 (Red Hat 4.4.7-11)
Copyright (C) 2010 Free Software Foundation, Inc.
This is free software; see the source for copying conditions.  There is NO
warranty; not even for MERCHANTABILITY or FITNESS FOR A PARTICULAR PURPOSE.

configure:1959: $? = 0
configure:1966: g++ -v >&5
Using built-in specs.
Target: x86_64-redhat-linux
Configured with: ../configure --prefix=/usr --mandir=/usr/share/man --infodir=/usr/share/info --with-bugurl=http://bugzilla.redhat.com/bugzilla --enable-bootstrap --enable-shared --enable-threads=posix --enable-checking=release --with-system-zlib --enable-__cxa_atexit --disable-libunwind-exceptions --enable-gnu-unique-object --enable-languages=c,c++,objc,obj-c++,java,fortran,ada --enable-java-awt=gtk --disable-dssi --with-java-home=/usr/lib/jvm/java-1.5.0-gcj-1.5.0.0/jre --enable-libgcj-multifile --enable-java-maintainer-mode --with-ecj-jar=/usr/share/java/eclipse-ecj.jar --disable-libjava-multilib --with-ppl --with-cloog --with-tune=generic --with-arch_32=i686 --build=x86_64-redhat-linux
Thread model: posix
gcc version 4.4.7 20120313 (Red Hat 4.4.7-11) (GCC) 
configure:1970: $? = 0
configure:1977: g++ -V >&5
g++: '-V' option must have argument
configure:1981: $? = 1
configure:2004: checking for C++ compiler default output file name
configure:2026: g++    conftest.cpp  >&5
configure:2030: $? = 0
configure:2068: result: a.out
configure:2087: checking whether the C++ compiler works
configure:2097: ./a.out
configure:2101: $? = 0
configure:2120: result: yes
configure:2127: checking whether we are cross compiling
configure:2129: result: no
configure:2132: checking for suffix of executables
configure:2139: g++ -o conftest    conftest.cpp  >&5
configure:2143: $? = 0
configure:2169: result: 
configure:2175: checking for suffix of object files
configure:2201: g++ -c   conftest.cpp >&5
configure:2205: $? = 0
configure:2230: result: o
configure:2234: checking whether we are using the GNU C++ compiler
configure:2263: g++ -c   conftest.cpp >&5
configure:2270: $? = 0
configure:2287: result: yes
configure:2296: checking whether g++ accepts -g
configure:2326: g++ -c -g  conftest.cpp >&5
configure:2333: $? = 0
configure:2434: result: yes
configure:2500: checking for ranlib
configure:2516: found /usr/bin/ranlib
configure:2527: result: ranlib
configure:2598: checking for a BSD-compatible install
configure:2666: result: /usr/bin/install -c
configure:2677: checking whether build environment is sane
configure:2737: result: yes
configure:2878: checking for a thread-safe mkdir -p
configure:2917: result: /bin/mkdir -p
configure:2930: checking for gawk
configure:2946: found /bin/gawk
configure:2957: result: gawk
configure:2968: checking whether make sets $(MAKE)
configure:2990: result: yes
configure:3020: checking for style of include used by make
configure:3048: result: GNU
configure:3135: checking dependency style of g++
configure:3245: result: gcc3
configure:3277: checking how to run the C++ preprocessor
configure:3313: g++ -E  conftest.cpp
configure:3320: $? = 0
configure:3351: g++ -E  conftest.cpp
conftest.cpp:10:28: error: ac_nonexistent.h: No such file or directory
configure:3358: $? = 1
configure: failed program was:
| /* confdefs.h.  */
| #define PACKAGE_NAME "mylib"
| #define PACKAGE_TARNAME "mylib"
| #define PACKAGE_VERSION "2.0"
| #define PACKAGE_STRING "mylib 2.0"
| #define PACKAGE_BUGREPORT "me@myLib.org"
| #define PACKAGE "mylib"
| #define VERSION "2.0"
| /* end confdefs.h.  */
| #include <ac_nonexistent.h>
configure:3391: result: g++ -E
configure:3420: g++ -E  conftest.cpp
configure:3427: $? = 0
configure:3458: g++ -E  conftest.cpp
conftest.cpp:10:28: error: ac_nonexistent.h: No such file or directory
configure:3465: $? = 1
configure: failed program was:
| /* confdefs.h.  */
| #define PACKAGE_NAME "mylib"
| #define PACKAGE_TARNAME "mylib"
| #define PACKAGE_VERSION "2.0"
| #define PACKAGE_STRING "mylib 2.0"
| #define PACKAGE_BUGREPORT "me@myLib.org"
| #define PACKAGE "mylib"
| #define VERSION "2.0"
| /* end confdefs.h.  */
| #include <ac_nonexistent.h>
configure:3505: checking for grep that handles long lines and -e
configure:3565: result: /bin/grep
configure:3570: checking for egrep
configure:3634: result: /bin/grep -E
configure:3639: checking for ANSI C header files
configure:3669: g++ -c -g -O2  conftest.cpp >&5
configure:3676: $? = 0
configure:3775: g++ -o conftest -g -O2   conftest.cpp  >&5
configure:3779: $? = 0
configure:3785: ./conftest
configure:3789: $? = 0
configure:3807: result: yes
configure:3831: checking for sys/types.h
configure:3852: g++ -c -g -O2  conftest.cpp >&5
configure:3859: $? = 0
configure:3876: result: yes
configure:3831: checking for sys/stat.h
configure:3852: g++ -c -g -O2  conftest.cpp >&5
configure:3859: $? = 0
configure:3876: result: yes
configure:3831: checking for stdlib.h
configure:3852: g++ -c -g -O2  conftest.cpp >&5
configure:3859: $? = 0
configure:3876: result: yes
configure:3831: checking for string.h
configure:3852: g++ -c -g -O2  conftest.cpp >&5
configure:3859: $? = 0
configure:3876: result: yes
configure:3831: checking for memory.h
configure:3852: g++ -c -g -O2  conftest.cpp >&5
configure:3859: $? = 0
configure:3876: result: yes
configure:3831: checking for strings.h
configure:3852: g++ -c -g -O2  conftest.cpp >&5
configure:3859: $? = 0
configure:3876: result: yes
configure:3831: checking for inttypes.h
configure:3852: g++ -c -g -O2  conftest.cpp >&5
configure:3859: $? = 0
configure:3876: result: yes
configure:3831: checking for stdint.h
configure:3852: g++ -c -g -O2  conftest.cpp >&5
configure:3859: $? = 0
configure:3876: result: yes
configure:3831: checking for unistd.h
configure:3852: g++ -c -g -O2  conftest.cpp >&5
configure:3859: $? = 0
configure:3876: result: yes
configure:3906: checking string usability
configure:3923: g++ -c -g -O2  conftest.cpp >&5
configure:3930: $? = 0
configure:3944: result: yes
configure:3948: checking string presence
configure:3963: g++ -E  conftest.cpp
configure:3970: $? = 0
configure:3984: result: yes
configure:4017: checking for string
configure:4026: result: yes
configure:4057: checking iostream usability
configure:4074: g++ -c -g -O2  conftest.cpp >&5
configure:4081: $? = 0
configure:4095: result: yes
configure:4099: checking iostream presence
configure:4114: g++ -E  conftest.cpp
configure:4121: $? = 0
configure:4135: result: yes
configure:4168: checking for iostream
configure:4177: result: yes
configure:4194: checking for size_t
configure:4222: g++ -c -g -O2  conftest.cpp >&5
configure:4229: $? = 0
configure:4256: g++ -c -g -O2  conftest.cpp >&5
conftest.cpp: In function 'int main()':
conftest.cpp:58: error: expected primary-expression before ')' token
configure:4263: $? = 1
configure: failed program was:
| /* confdefs.h.  */
| #define PACKAGE_NAME "mylib"
| #define PACKAGE_TARNAME "mylib"
| #define PACKAGE_VERSION "2.0"
| #define PACKAGE_STRING "mylib 2.0"
| #define PACKAGE_BUGREPORT "me@myLib.org"
| #define PACKAGE "mylib"
| #define VERSION "2.0"
| #define STDC_HEADERS 1
| #define HAVE_SYS_TYPES_H 1
| #define HAVE_SYS_STAT_H 1
| #define HAVE_STDLIB_H 1
| #define HAVE_STRING_H 1
| #define HAVE_MEMORY_H 1
| #define HAVE_STRINGS_H 1
| #define HAVE_INTTYPES_H 1
| #define HAVE_STDINT_H 1
| #define HAVE_UNISTD_H 1
| #define HAVE_STRING 1
| #define HAVE_IOSTREAM 1
| /* end confdefs.h.  */
| #include <stdio.h>
| #ifdef HAVE_SYS_TYPES_H
| # include <sys/types.h>
| #endif
| #ifdef HAVE_SYS_STAT_H
| # include <sys/stat.h>
| #endif
| #ifdef STDC_HEADERS
| # include <stdlib.h>
| # include <stddef.h>
| #else
| # ifdef HAVE_STDLIB_H
| #  include <stdlib.h>
| # endif
| #endif
| #ifdef HAVE_STRING_H
| # if !defined STDC_HEADERS && defined HAVE_MEMORY_H
| #  include <memory.h>
| # endif
| # include <string.h>
| #endif
| #ifdef HAVE_STRINGS_H
| # include <strings.h>
| #endif
| #ifdef HAVE_INTTYPES_H
| # include <inttypes.h>
| #endif
| #ifdef HAVE_STDINT_H
| # include <stdint.h>
| #endif
| #ifdef HAVE_UNISTD_H
| # include <unistd.h>
| #endif
| int
| main ()
| {
| if (sizeof ((size_t)))
| 	  return 0;
|   ;
|   return 0;
| }
configure:4286: result: yes
configure:4474: creating ./config.status

## ---------------------- ##
## Running config.status. ##
## ---------------------- ##

This file was extended by mylib config.status 2.0, which was
generated by GNU Autoconf 2.63.  Invocation command line was

  CONFIG_FILES    = 
  CONFIG_HEADERS  = 
  CONFIG_LINKS    = 
  CONFIG_COMMANDS = 
  $ ./config.status 

on romeo1

config.status:698: creating Makefile
config.status:698: creating src/mylib/Makefile
config.status:698: creating src/bin/Makefile
config.status:909: executing depfiles commands

## ---------------- ##
## Cache variables. ##
## ---------------- ##

ac_cv_cxx_compiler_gnu=yes
ac_cv_env_CCC_set=
ac_cv_env_CCC_value=
ac_cv_env_CPPFLAGS_set=
ac_cv_env_CPPFLAGS_value=
ac_cv_env_CXXCPP_set=
ac_cv_env_CXXCPP_value=
ac_cv_env_CXXFLAGS_set=
ac_cv_env_CXXFLAGS_value=
ac_cv_env_CXX_set=
ac_cv_env_CXX_value=
ac_cv_env_LDFLAGS_set=
ac_cv_env_LDFLAGS_value=
ac_cv_env_LIBS_set=
ac_cv_env_LIBS_value=
ac_cv_env_build_alias_set=
ac_cv_env_build_alias_value=
ac_cv_env_host_alias_set=
ac_cv_env_host_alias_value=
ac_cv_env_target_alias_set=
ac_cv_env_target_alias_value=
ac_cv_header_inttypes_h=yes
ac_cv_header_iostream=yes
ac_cv_header_memory_h=yes
ac_cv_header_stdc=yes
ac_cv_header_stdint_h=yes
ac_cv_header_stdlib_h=yes
ac_cv_header_string=yes
ac_cv_header_string_h=yes
ac_cv_header_strings_h=yes
ac_cv_header_sys_stat_h=yes
ac_cv_header_sys_types_h=yes
ac_cv_header_unistd_h=yes
ac_cv_objext=o
ac_cv_path_EGREP='/bin/grep -E'
ac_cv_path_GREP=/bin/grep
ac_cv_path_install='/usr/bin/install -c'
ac_cv_path_mkdir=/bin/mkdir
ac_cv_prog_AWK=gawk
ac_cv_prog_CXXCPP='g++ -E'
ac_cv_prog_ac_ct_CXX=g++
ac_cv_prog_ac_ct_RANLIB=ranlib
ac_cv_prog_cxx_g=yes
ac_cv_prog_make_make_set=yes
ac_cv_type_size_t=yes
am_cv_CXX_dependencies_compiler_type=gcc3

## ----------------- ##
## Output variables. ##
## ----------------- ##

ACLOCAL='${SHELL} /home/xinzhewu/workstations/cmake_demo/demo9/missing --run aclocal-1.11'
AMDEPBACKSLASH='\'
AMDEP_FALSE='#'
AMDEP_TRUE=''
AMTAR='${SHELL} /home/xinzhewu/workstations/cmake_demo/demo9/missing --run tar'
AM_CXXFLAGS=''
AM_LDFLAGS=''
AUTOCONF='${SHELL} /home/xinzhewu/workstations/cmake_demo/demo9/missing --run autoconf'
AUTOHEADER='${SHELL} /home/xinzhewu/workstations/cmake_demo/demo9/missing --run autoheader'
AUTOMAKE='${SHELL} /home/xinzhewu/workstations/cmake_demo/demo9/missing --run automake-1.11'
AWK='gawk'
CPPFLAGS=''
CXX='g++'
CXXCPP='g++ -E'
CXXDEPMODE='depmode=gcc3'
CXXFLAGS='-g -O2'
CYGPATH_W='echo'
DEFS='-DPACKAGE_NAME=\"mylib\" -DPACKAGE_TARNAME=\"mylib\" -DPACKAGE_VERSION=\"2.0\" -DPACKAGE_STRING=\"mylib\ 2.0\" -DPACKAGE_BUGREPORT=\"me@myLib.org\" -DPACKAGE=\"mylib\" -DVERSION=\"2.0\" -DSTDC_HEADERS=1 -DHAVE_SYS_TYPES_H=1 -DHAVE_SYS_STAT_H=1 -DHAVE_STDLIB_H=1 -DHAVE_STRING_H=1 -DHAVE_MEMORY_H=1 -DHAVE_STRINGS_H=1 -DHAVE_INTTYPES_H=1 -DHAVE_STDINT_H=1 -DHAVE_UNISTD_H=1 -DHAVE_STRING=1 -DHAVE_IOSTREAM=1'
DEPDIR='.deps'
ECHO_C=''
ECHO_N='-n'
ECHO_T=''
EGREP='/bin/grep -E'
EXEEXT=''
GREP='/bin/grep'
INSTALL_DATA='${INSTALL} -m 644'
INSTALL_PROGRAM='${INSTALL}'
INSTALL_SCRIPT='${INSTALL}'
INSTALL_STRIP_PROGRAM='$(install_sh) -c -s'
LDFLAGS=''
LIBOBJS=''
LIBS=''
LTLIBOBJS=''
MAKEINFO='${SHELL} /home/xinzhewu/workstations/cmake_demo/demo9/missing --run makeinfo'
MKDIR_P='/bin/mkdir -p'
OBJEXT='o'
PACKAGE='mylib'
PACKAGE_BUGREPORT='me@myLib.org'
PACKAGE_NAME='mylib'
PACKAGE_STRING='mylib 2.0'
PACKAGE_TARNAME='mylib'
PACKAGE_VERSION='2.0'
PATH_SEPARATOR=':'
RANLIB='ranlib'
SET_MAKE=''
SHELL='/bin/sh'
STRIP=''
VERSION='2.0'
ac_ct_CXX='g++'
am__EXEEXT_FALSE=''
am__EXEEXT_TRUE='#'
am__fastdepCXX_FALSE='#'
am__fastdepCXX_TRUE=''
am__include='include'
am__isrc=''
am__leading_dot='.'
am__quote=''
am__tar='${AMTAR} chof - "$$tardir"'
am__untar='${AMTAR} xf -'
bindir='${exec_prefix}/bin'
build_alias=''
datadir='${datarootdir}'
datarootdir='${prefix}/share'
docdir='${datarootdir}/doc/${PACKAGE_TARNAME}'
dvidir='${docdir}'
exec_prefix='${prefix}'
host_alias=''
htmldir='${docdir}'
includedir='${prefix}/include'
infodir='${datarootdir}/info'
install_sh='${SHELL} /home/xinzhewu/workstations/cmake_demo/demo9/install-sh'
libdir='${exec_prefix}/lib'
libexecdir='${exec_prefix}/libexec'
localedir='${datarootdir}/locale'
localstatedir='${prefix}/var'
mandir='${datarootdir}/man'
mkdir_p='/bin/mkdir -p'
oldincludedir='/usr/include'
pdfdir='${docdir}'
prefix='/usr/local'
program_transform_name='s,x,x,'
psdir='${docdir}'
sbindir='${exec_prefix}/sbin'
sharedstatedir='${prefix}/com'
sysconfdir='${prefix}/etc'
target_alias=''

## ----------- ##
## confdefs.h. ##
## ----------- ##

#define PACKAGE_NAME "mylib"
#define PACKAGE_TARNAME "mylib"
#define PACKAGE_VERSION "2.0"
#define PACKAGE_STRING "mylib 2.0"
#define PACKAGE_BUGREPORT "me@myLib.org"
#define PACKAGE "mylib"
#define VERSION "2.0"
#define STDC_HEADERS 1
#define HAVE_SYS_TYPES_H 1
#define HAVE_SYS_STAT_H 1
#define HAVE_STDLIB_H 1
#define HAVE_STRING_H 1
#define HAVE_MEMORY_H 1
#define HAVE_STRINGS_H 1
#define HAVE_INTTYPES_H 1
#define HAVE_STDINT_H 1
#define HAVE_UNISTD_H 1
#define HAVE_STRING 1
#define HAVE_IOSTREAM 1

configure: exit 0
